[21/Apr/2022:22:43:27 +0300] Drug PairJust "uptenolumftenol
[21/Apr/2022:22:43:27 +0300] Drug PairJust "uptenoluvtenol"
[21/Apr/2022:22:43:27 +0300] Drug PairumftenolJust "uptenol
[21/Apr/2022:22:43:27 +0300] Drug Pairumftenoluvtenol"
[21/Apr/2022:22:43:27 +0300] Drug Pairuvtenol"Just "uptenol
[21/Apr/2022:22:43:27 +0300] Drug Pairuvtenol"umftenol
[21/Apr/2022:23:06:47 +0300] Drug PairJust "uptenolumftenol
[21/Apr/2022:23:06:47 +0300] Drug PairJust "uptenoluvtenol"
[21/Apr/2022:23:06:47 +0300] Drug PairumftenolJust "uptenol
[21/Apr/2022:23:06:47 +0300] Drug Pairumftenoluvtenol"
[21/Apr/2022:23:06:47 +0300] Drug Pairuvtenol"Just "uptenol
[21/Apr/2022:23:06:47 +0300] Drug Pairuvtenol"umftenol
[21/Apr/2022:23:11:11 +0300] Drug PairJust "uptenolumftenol
[21/Apr/2022:23:11:11 +0300] Drug PairJust "uptenoluvtenol"
[21/Apr/2022:23:11:11 +0300] Drug PairumftenolJust "uptenol
[21/Apr/2022:23:11:11 +0300] Drug Pairumftenoluvtenol"
[21/Apr/2022:23:11:11 +0300] Drug Pairuvtenol"Just "uptenol
[21/Apr/2022:23:11:11 +0300] Drug Pairuvtenol"umftenol
[21/Apr/2022:23:18:25 +0300] Drug PairJust "uptenolumftenol
[21/Apr/2022:23:18:25 +0300] Drug PairJust "uptenoluvtenol"
[21/Apr/2022:23:18:25 +0300] Drug PairumftenolJust "uptenol
[21/Apr/2022:23:18:25 +0300] Drug Pairumftenoluvtenol"
[21/Apr/2022:23:18:25 +0300] Drug Pairuvtenol"Just "uptenol
[21/Apr/2022:23:18:25 +0300] Drug Pairuvtenol"umftenol
[21/Apr/2022:23:18:29 +0300] Drug PairJust "uptenolumftenol
[21/Apr/2022:23:18:29 +0300] Drug PairJust "uptenoluvtenol"
[21/Apr/2022:23:18:29 +0300] Drug PairumftenolJust "uptenol
[21/Apr/2022:23:18:29 +0300] Drug Pairumftenoluvtenol"
[21/Apr/2022:23:18:29 +0300] Drug Pairuvtenol"Just "uptenol
[21/Apr/2022:23:18:29 +0300] Drug Pairuvtenol"umftenol
[21/Apr/2022:23:19:36 +0300] Drug PairJust "uptenolumftenol
[21/Apr/2022:23:19:36 +0300] Drug PairJust "uptenoluvtenol"
[21/Apr/2022:23:19:36 +0300] Drug PairumftenolJust "uptenol
[21/Apr/2022:23:19:36 +0300] Drug Pairumftenoluvtenol"
[21/Apr/2022:23:19:36 +0300] Drug Pairuvtenol"Just "uptenol
[21/Apr/2022:23:19:36 +0300] Drug Pairuvtenol"umftenol
[21/Apr/2022:23:21:18 +0300] Drug PairJust "uptenolumftenol
[21/Apr/2022:23:21:18 +0300] Drug PairJust "uptenoluvtenol"
[21/Apr/2022:23:21:18 +0300] Drug PairumftenolJust "uptenol
[21/Apr/2022:23:21:18 +0300] Drug Pairumftenoluvtenol"
[21/Apr/2022:23:21:18 +0300] Drug Pairuvtenol"Just "uptenol
[21/Apr/2022:23:21:18 +0300] Drug Pairuvtenol"umftenol
[21/Apr/2022:23:21:46 +0300] Drug PairJust "uptenolumftenol
[21/Apr/2022:23:21:46 +0300] Drug PairJust "uptenoluvtenol"
[21/Apr/2022:23:21:46 +0300] Drug PairumftenolJust "uptenol
[21/Apr/2022:23:21:46 +0300] Drug Pairumftenoluvtenol"
[21/Apr/2022:23:21:46 +0300] Drug Pairuvtenol"Just "uptenol
[21/Apr/2022:23:21:46 +0300] Drug Pairuvtenol"umftenol
